/*C2*/SET SCHEMA PUBLIC
ALTER TABLE "merge$mergeconfiguration" ADD "apikey" VARCHAR_IGNORECASE(2147483647) NULL
INSERT INTO "mendixsystem$attribute" VALUES('49365763-ac7b-418e-9961-3d1d914599a9','d6b855d6-deb6-4265-be20-8479c1f6c3b8','APIKey','apikey',30,0,'',FALSE)
DELETE FROM "mendixsystem$version" WHERE "versionnumber"='4.2'
INSERT INTO "mendixsystem$version" VALUES('4.2','2021-06-16 16:18:33.540000','4.1.0','unversioned','Merge-connector','9.2.0.20531')
COMMIT
DELETE FROM "mendixsystem$version" WHERE "versionnumber"='4.2'
INSERT INTO "mendixsystem$version" VALUES('4.2','2021-06-16 16:18:33.540000','4.1.0','unversioned','Merge-connector','9.2.0.20531')
COMMIT
/*C3*/SET SCHEMA PUBLIC
DELETE FROM "mendixsystem$entityidentifier" WHERE "id"='d4154981-8dac-4150-aec5-efa3ef62a7a2'
INSERT INTO "mendixsystem$entityidentifier" VALUES('d4154981-8dac-4150-aec5-efa3ef62a7a2',5,301)
COMMIT
INSERT INTO "system$xasinstance" VALUES(1407374883553481,'a3f03f21-6449-42f2-915f-68e938c31dfe','2021-06-16 14:18:37.922000','2021-06-16 14:18:37.947000',NULL,NULL,NULL)
COMMIT
DELETE FROM "system$userrole" WHERE "id"=4503599627370497
INSERT INTO "system$userrole" VALUES(4503599627370497,'8dd52bfa-6d7e-453b-b506-303c0a3d9567','','Administrator')
DELETE FROM "system$userrole" WHERE "id"=4503599627370498
INSERT INTO "system$userrole" VALUES(4503599627370498,'53f5d6fa-6da9-4a71-b011-454ec052cce8','','User')
COMMIT
DELETE FROM "mendixsystem$properties" WHERE "key"='Mendix.Runtime.DeploymentID'
INSERT INTO "mendixsystem$properties" VALUES('Mendix.Runtime.DeploymentID','637594570870266247')
COMMIT
DELETE FROM "system$session" WHERE "id"=10977524091715685
DELETE FROM "system$session_user" WHERE "system$sessionid"=10977524091715685 AND "system$userid"=844424930132069
COMMIT
/*C2*/DELETE FROM "system$xasinstance" WHERE "id"=1407374883553481
INSERT INTO "system$xasinstance" VALUES(1407374883553481,'a3f03f21-6449-42f2-915f-68e938c31dfe','2021-06-16 14:18:37.922000','2021-06-16 14:18:40.833000',NULL,NULL,NULL)
COMMIT
/*C3*/DELETE FROM "mendixsystem$entityidentifier" WHERE "id"='282e2e60-88a5-469d-84a5-ba8d9151644f'
INSERT INTO "mendixsystem$entityidentifier" VALUES('282e2e60-88a5-469d-84a5-ba8d9151644f',3,301)
COMMIT
/*C7*/SET SCHEMA PUBLIC
INSERT INTO "system$user" VALUES(844424930132169,'2021-06-16 14:18:44.649000',TRUE,'2021-06-16 14:18:44.649000','2021-06-16 14:18:45.056000',FALSE,TRUE,0,FALSE,'Anonymous_f222a2f2-3d0c-4669-a011-088fe693e2b3','{BCrypt}$2a$10$ujgYGzyq9IPgTc3mkLbRaO2edeLlO2dnBVQotMKCMK9JOdit6jt8C','System.User',NULL,844424930132169)
INSERT INTO "system$userroles" VALUES(844424930132169,4503599627370497)
INSERT INTO "system$user_language" VALUES(844424930132169,12103423998558209)
COMMIT
DELETE FROM "system$user" WHERE "id"=844424930132169
INSERT INTO "system$user" VALUES(844424930132169,'2021-06-16 14:18:44.649000',TRUE,'2021-06-16 14:18:44.649000','2021-06-16 14:18:45.192000',FALSE,TRUE,0,FALSE,'Anonymous_f222a2f2-3d0c-4669-a011-088fe693e2b3','{BCrypt}$2a$10$ujgYGzyq9IPgTc3mkLbRaO2edeLlO2dnBVQotMKCMK9JOdit6jt8C','System.User',NULL,844424930132169)
COMMIT
/*C2*/DELETE FROM "mendixsystem$entityidentifier" WHERE "id"='37f9fd49-5318-4c63-9a51-f761779b202f'
INSERT INTO "mendixsystem$entityidentifier" VALUES('37f9fd49-5318-4c63-9a51-f761779b202f',39,301)
COMMIT
INSERT INTO "system$session" VALUES(10977524091715785,NULL,'c14518a7-bf15-4224-8a9a-1be2dc44c8e6','2021-06-16 14:18:45.317000','426bb75a-8505-4f5e-a35d-33460011ea1b','2021-06-16 14:18:45.317000',FALSE,'bdbb0fc8-ef6e-48b4-a2aa-87c7dbc43d23')
INSERT INTO "system$session_user" VALUES(10977524091715785,844424930132169)
COMMIT
DELETE FROM "system$session" WHERE "id"=10977524091715785
INSERT INTO "system$session" VALUES(10977524091715785,NULL,'c14518a7-bf15-4224-8a9a-1be2dc44c8e6','2021-06-16 14:18:45.317000','426bb75a-8505-4f5e-a35d-33460011ea1b','2021-06-16 14:18:45.352000',FALSE,'bdbb0fc8-ef6e-48b4-a2aa-87c7dbc43d23')
COMMIT
